  The vcpkg manifest was disabled, but we found a manifest file in C:\Users\Ahnjiwoo\. You may want to enable vcpkg manifests in your properties page or pass /p:VcpkgEnableManifest=true to the msbuild invocation.
  pch.cpp
C:\Users\Ahnjiwoo\Desktop\Projects\cmEngine\Libraries\entt\entt.hpp(5766,1): warning C4819: 현재 코드 페이지(949)에서 표시할 수 없는 문자가 파일에 들어 있습니다. 데이터가 손실되지 않게 하려면 해당 파일을 유니코드 형식으로 저장하십시오.
  (소스 파일 'pch.cpp'을(를) 컴파일하는 중)
  
C:\Users\Ahnjiwoo\Desktop\Projects\cmEngine\Libraries\entt\entt.hpp(8326,1): warning C4819: 현재 코드 페이지(949)에서 표시할 수 없는 문자가 파일에 들어 있습니다. 데이터가 손실되지 않게 하려면 해당 파일을 유니코드 형식으로 저장하십시오.
  (소스 파일 'pch.cpp'을(를) 컴파일하는 중)
  
C:\Users\Ahnjiwoo\Desktop\Projects\cmEngine\Libraries\entt\entt.hpp(13521,1): warning C4819: 현재 코드 페이지(949)에서 표시할 수 없는 문자가 파일에 들어 있습니다. 데이터가 손실되지 않게 하려면 해당 파일을 유니코드 형식으로 저장하십시오.
  (소스 파일 'pch.cpp'을(를) 컴파일하는 중)
  
C:\Users\Ahnjiwoo\Desktop\Projects\cmEngine\Libraries\entt\entt.hpp(57963,1): warning C4819: 현재 코드 페이지(949)에서 표시할 수 없는 문자가 파일에 들어 있습니다. 데이터가 손실되지 않게 하려면 해당 파일을 유니코드 형식으로 저장하십시오.
  (소스 파일 'pch.cpp'을(를) 컴파일하는 중)
  
C:\Users\Ahnjiwoo\Desktop\Projects\cmEngine\Libraries\entt\entt.hpp(70343,1): warning C4819: 현재 코드 페이지(949)에서 표시할 수 없는 문자가 파일에 들어 있습니다. 데이터가 손실되지 않게 하려면 해당 파일을 유니코드 형식으로 저장하십시오.
  (소스 파일 'pch.cpp'을(를) 컴파일하는 중)
  
C:\Users\Ahnjiwoo\Desktop\Projects\cmEngine\Libraries\entt\entt.hpp(89745,1): warning C4819: 현재 코드 페이지(949)에서 표시할 수 없는 문자가 파일에 들어 있습니다. 데이터가 손실되지 않게 하려면 해당 파일을 유니코드 형식으로 저장하십시오.
  (소스 파일 'pch.cpp'을(를) 컴파일하는 중)
  
C:\Users\Ahnjiwoo\Desktop\Projects\cmEngine\cmEngine\EngineMath.h(12,28): warning C4305: '초기화 중': 'double'에서 'const float'(으)로 잘립니다.
  (소스 파일 'pch.cpp'을(를) 컴파일하는 중)
  
C:\Users\Ahnjiwoo\Desktop\Projects\cmEngine\cmEngine\Viewport.h(76,10): warning C4244: '초기화 중': 'const uint32'에서 'float'(으)로 변환하면서 데이터가 손실될 수 있습니다.
  (소스 파일 'pch.cpp'을(를) 컴파일하는 중)
  
C:\Users\Ahnjiwoo\Desktop\Projects\cmEngine\cmEngine\Viewport.h(77,11): warning C4244: '초기화 중': 'const uint32'에서 'float'(으)로 변환하면서 데이터가 손실될 수 있습니다.
  (소스 파일 'pch.cpp'을(를) 컴파일하는 중)
  
C:\Users\Ahnjiwoo\Desktop\Projects\cmEngine\cmEngine\Viewport.h(87,23): warning C4244: '=': 'const uint32'에서 'float'(으)로 변환하면서 데이터가 손실될 수 있습니다.
  (소스 파일 'pch.cpp'을(를) 컴파일하는 중)
  
C:\Users\Ahnjiwoo\Desktop\Projects\cmEngine\cmEngine\Viewport.h(88,24): warning C4244: '=': 'const uint32'에서 'float'(으)로 변환하면서 데이터가 손실될 수 있습니다.
  (소스 파일 'pch.cpp'을(를) 컴파일하는 중)
  
C:\Users\Ahnjiwoo\Desktop\Projects\cmEngine\cmEngine\SceneManager.h(38,5): warning C4002: 함수 같은 매크로 호출 'ASSERT'에 대해 인수가 너무 많습니다.
  (소스 파일 'pch.cpp'을(를) 컴파일하는 중)
  
C:\Users\Ahnjiwoo\Desktop\Projects\cmEngine\cmEngine\SceneManager.h(54,5): warning C4002: 함수 같은 매크로 호출 'ASSERT'에 대해 인수가 너무 많습니다.
  (소스 파일 'pch.cpp'을(를) 컴파일하는 중)
  
C:\Users\Ahnjiwoo\Desktop\Projects\cmEngine\cmEngine\SceneManager.h(69,5): warning C4002: 함수 같은 매크로 호출 'ASSERT'에 대해 인수가 너무 많습니다.
  (소스 파일 'pch.cpp'을(를) 컴파일하는 중)
  
  DemoScene.cpp
C:\Users\Ahnjiwoo\Desktop\Projects\cmEngine\cmEngine\SpriteRenderSystem.h(17,19): warning C4244: '초기화 중': 'unsigned __int64'에서 'float'(으)로 변환하면서 데이터가 손실될 수 있습니다.
  (소스 파일 '/DemoScene.cpp'을(를) 컴파일하는 중)
  
C:\Users\Ahnjiwoo\Desktop\Projects\cmEngine\cmEngine\SpriteRenderSystem.h(18,19): warning C4244: '초기화 중': 'unsigned __int64'에서 'float'(으)로 변환하면서 데이터가 손실될 수 있습니다.
  (소스 파일 '/DemoScene.cpp'을(를) 컴파일하는 중)
  
  EntryPoint.cpp
  Game.cpp
  코드를 생성하고 있습니다...
  DemoGame.vcxproj -> C:\Users\Ahnjiwoo\Desktop\Projects\cmEngine\x64\Debug\DemoGame.exe
