  cmEditor.cpp
C:\Users\Ahnjiwoo\Desktop\Projects\cmEngine\Libraries\entt\entt.hpp(5766,1): warning C4819: 현재 코드 페이지(949)에서 표시할 수 없는 문자가 파일에 들어 있습니다. 데이터가 손실되지 않게 하려면 해당 파일을 유니코드 형식으로 저장하십시오.
  (소스 파일 '0.%20cmEditor/cmEditor.cpp'을(를) 컴파일하는 중)
  
C:\Users\Ahnjiwoo\Desktop\Projects\cmEngine\Libraries\entt\entt.hpp(8326,1): warning C4819: 현재 코드 페이지(949)에서 표시할 수 없는 문자가 파일에 들어 있습니다. 데이터가 손실되지 않게 하려면 해당 파일을 유니코드 형식으로 저장하십시오.
  (소스 파일 '0.%20cmEditor/cmEditor.cpp'을(를) 컴파일하는 중)
  
C:\Users\Ahnjiwoo\Desktop\Projects\cmEngine\Libraries\entt\entt.hpp(13521,1): warning C4819: 현재 코드 페이지(949)에서 표시할 수 없는 문자가 파일에 들어 있습니다. 데이터가 손실되지 않게 하려면 해당 파일을 유니코드 형식으로 저장하십시오.
  (소스 파일 '0.%20cmEditor/cmEditor.cpp'을(를) 컴파일하는 중)
  
C:\Users\Ahnjiwoo\Desktop\Projects\cmEngine\Libraries\entt\entt.hpp(57963,1): warning C4819: 현재 코드 페이지(949)에서 표시할 수 없는 문자가 파일에 들어 있습니다. 데이터가 손실되지 않게 하려면 해당 파일을 유니코드 형식으로 저장하십시오.
  (소스 파일 '0.%20cmEditor/cmEditor.cpp'을(를) 컴파일하는 중)
  
C:\Users\Ahnjiwoo\Desktop\Projects\cmEngine\Libraries\entt\entt.hpp(70343,1): warning C4819: 현재 코드 페이지(949)에서 표시할 수 없는 문자가 파일에 들어 있습니다. 데이터가 손실되지 않게 하려면 해당 파일을 유니코드 형식으로 저장하십시오.
  (소스 파일 '0.%20cmEditor/cmEditor.cpp'을(를) 컴파일하는 중)
  
C:\Users\Ahnjiwoo\Desktop\Projects\cmEngine\Libraries\entt\entt.hpp(89745,1): warning C4819: 현재 코드 페이지(949)에서 표시할 수 없는 문자가 파일에 들어 있습니다. 데이터가 손실되지 않게 하려면 해당 파일을 유니코드 형식으로 저장하십시오.
  (소스 파일 '0.%20cmEditor/cmEditor.cpp'을(를) 컴파일하는 중)
  
C:\Users\Ahnjiwoo\Desktop\Projects\cmEngine\cmEngine\99. Base\EngineMath.h(12,28): warning C4305: '초기화 중': 'double'에서 'const float'(으)로 잘립니다.
  (소스 파일 '0.%20cmEditor/cmEditor.cpp'을(를) 컴파일하는 중)
  
C:\Users\Ahnjiwoo\Desktop\Projects\cmEngine\cmEngine\6. Renderer\RenderTarget\Viewport.h(76,10): warning C4244: '초기화 중': 'const uint32'에서 'float'(으)로 변환하면서 데이터가 손실될 수 있습니다.
  (소스 파일 '0.%20cmEditor/cmEditor.cpp'을(를) 컴파일하는 중)
  
C:\Users\Ahnjiwoo\Desktop\Projects\cmEngine\cmEngine\6. Renderer\RenderTarget\Viewport.h(77,11): warning C4244: '초기화 중': 'const uint32'에서 'float'(으)로 변환하면서 데이터가 손실될 수 있습니다.
  (소스 파일 '0.%20cmEditor/cmEditor.cpp'을(를) 컴파일하는 중)
  
C:\Users\Ahnjiwoo\Desktop\Projects\cmEngine\cmEngine\6. Renderer\RenderTarget\Viewport.h(87,23): warning C4244: '=': 'const uint32'에서 'float'(으)로 변환하면서 데이터가 손실될 수 있습니다.
  (소스 파일 '0.%20cmEditor/cmEditor.cpp'을(를) 컴파일하는 중)
  
C:\Users\Ahnjiwoo\Desktop\Projects\cmEngine\cmEngine\6. Renderer\RenderTarget\Viewport.h(88,24): warning C4244: '=': 'const uint32'에서 'float'(으)로 변환하면서 데이터가 손실될 수 있습니다.
  (소스 파일 '0.%20cmEditor/cmEditor.cpp'을(를) 컴파일하는 중)
  
C:\Users\Ahnjiwoo\Desktop\Projects\cmEngine\cmEngine\6. Renderer\Shader\VertexShader.h(57,5): warning C4267: '인수': 'size_t'에서 'UINT'(으)로 변환하면서 데이터가 손실될 수 있습니다.
  (소스 파일 '0.%20cmEditor/cmEditor.cpp'을(를) 컴파일하는 중)
  
C:\Users\Ahnjiwoo\Desktop\Projects\cmEngine\cmEngine\12. Component\RenderComponent.h(23,3): warning C4002: 함수 같은 매크로 호출 'CUSTOM_SERIALIZABLE_COMPONENT_BODY'에 대해 인수가 너무 많습니다.
  (소스 파일 '0.%20cmEditor/cmEditor.cpp'을(를) 컴파일하는 중)
  
C:\Users\Ahnjiwoo\Desktop\Projects\cmEngine\cmEditor\5. GuiHelper\ImText.h(23,24): warning C4244: '초기화 중': 'int'에서 'float'(으)로 변환하면서 데이터가 손실될 수 있습니다.
  (소스 파일 '0.%20cmEditor/cmEditor.cpp'을(를) 컴파일하는 중)
  
C:\Users\Ahnjiwoo\Desktop\Projects\cmEngine\cmEditor\5. GuiHelper\ImText.h(24,24): warning C4244: '초기화 중': 'int'에서 'float'(으)로 변환하면서 데이터가 손실될 수 있습니다.
  (소스 파일 '0.%20cmEditor/cmEditor.cpp'을(를) 컴파일하는 중)
  
  unity_JJGKJ86UI67CZL5Y.cpp
C:\Users\Ahnjiwoo\Desktop\Projects\cmEngine\cmEditor\4. EditorPanel\SceneHierarchy\SceneHierarchyPanel.cpp(49,67): warning C4244: '인수': 'unsigned __int64'에서 'int'(으)로 변환하면서 데이터가 손실될 수 있습니다.
  (소스 파일 '../Inter/Debug/unity_JJGKJ86UI67CZL5Y.cpp'을(를) 컴파일하는 중)
  
C:\Users\Ahnjiwoo\Desktop\Projects\cmEngine\cmEditor\4. EditorPanel\EntityInspector\EntityInspectorPanel.h(10,25): warning C4305: '초기화 중': 'double'에서 'float'(으)로 잘립니다.
  (소스 파일 '../Inter/Debug/unity_JJGKJ86UI67CZL5Y.cpp'을(를) 컴파일하는 중)
  
C:\Users\Ahnjiwoo\Desktop\Projects\cmEngine\cmEditor\4. EditorPanel\ResourceBrowser\ResourceBrowser.cpp(69,23): warning C4244: '초기화 중': 'float'에서 'int32'(으)로 변환하면서 데이터가 손실될 수 있습니다.
  (소스 파일 '../Inter/Debug/unity_JJGKJ86UI67CZL5Y.cpp'을(를) 컴파일하는 중)
  
C:\Users\Ahnjiwoo\Desktop\Projects\cmEngine\cmEditor\4. EditorPanel\ResourceBrowser\ResourceBrowser.cpp(75,19): warning C4267: '초기화 중': 'size_t'에서 'int'(으)로 변환하면서 데이터가 손실될 수 있습니다.
  (소스 파일 '../Inter/Debug/unity_JJGKJ86UI67CZL5Y.cpp'을(를) 컴파일하는 중)
  
C:\Users\Ahnjiwoo\Desktop\Projects\cmEngine\cmEditor\4. EditorPanel\ResourceBrowser\ResourceBrowser.cpp(109,27): warning C4244: '인수': 'int32'에서 'float'(으)로 변환하면서 데이터가 손실될 수 있습니다.
  (소스 파일 '../Inter/Debug/unity_JJGKJ86UI67CZL5Y.cpp'을(를) 컴파일하는 중)
  
C:\Users\Ahnjiwoo\Desktop\Projects\cmEngine\cmEngine\10. Scene\SceneSerializer.h(118,1): warning C4715: 'cmEngine::SceneSerializer::DeserializeSceneFromFile': 모든 제어 경로에서 값을 반환하지는 않습니다.
  LINK : C:\Users\Ahnjiwoo\Desktop\Projects\cmEngine\Bin\Debug\cmEditor.exe을(를) 찾을 수 없거나 마지막 증분 링크에 의해 빌드되지 않았습니다. 전체 링크를 수행하고 있습니다.
  cmEditor.vcxproj -> C:\Users\Ahnjiwoo\Desktop\Projects\cmEngine\Bin\Debug\cmEditor.exe
