c:\users\ahnjiwoo\desktop\projects\cmengine\cmengine\bin\debug\cmengine.pdb
c:\users\ahnjiwoo\desktop\projects\cmengine\cmengine\bin\debug\cmengine.idb
c:\users\ahnjiwoo\desktop\projects\cmengine\cmengine\inter\debug\cmgraphicshelper.obj
c:\users\ahnjiwoo\desktop\projects\cmengine\cmengine\inter\debug\cmgraphicsdevice.obj
c:\users\ahnjiwoo\desktop\projects\cmengine\cmengine\inter\debug\cmgeometryhelper.obj
c:\users\ahnjiwoo\desktop\projects\cmengine\cmengine\inter\debug\cmgeometry.obj
c:\users\ahnjiwoo\desktop\projects\cmengine\cmengine\inter\debug\cmgameobject.obj
c:\users\ahnjiwoo\desktop\projects\cmengine\cmengine\inter\debug\cmengine.obj
c:\users\ahnjiwoo\desktop\projects\cmengine\cmengine\inter\debug\cmdebuggui.obj
c:\users\ahnjiwoo\desktop\projects\cmengine\cmengine\inter\debug\cmconstantbufferdata.obj
c:\users\ahnjiwoo\desktop\projects\cmengine\cmengine\inter\debug\cmconstantbuffer.obj
c:\users\ahnjiwoo\desktop\projects\cmengine\cmengine\inter\debug\cmcommoncommand.obj
c:\users\ahnjiwoo\desktop\projects\cmengine\cmengine\inter\debug\cmconsole.obj
c:\users\ahnjiwoo\desktop\projects\cmengine\cmengine\inter\debug\cmconsolegui.obj
c:\users\ahnjiwoo\desktop\projects\cmengine\cmengine\inter\debug\cmconsoledata.obj
c:\users\ahnjiwoo\desktop\projects\cmengine\cmengine\inter\debug\cmcomponent.obj
c:\users\ahnjiwoo\desktop\projects\cmengine\cmengine\inter\debug\cmassert.obj
c:\users\ahnjiwoo\desktop\projects\cmengine\cmengine\inter\debug\cmalgorithm.obj
c:\users\ahnjiwoo\desktop\projects\cmengine\cmengine\inter\debug\cmscript.obj
c:\users\ahnjiwoo\desktop\projects\cmengine\cmengine\inter\debug\cmpipelinedata.obj
c:\users\ahnjiwoo\desktop\projects\cmengine\cmengine\inter\debug\cmmeshrenderer.obj
c:\users\ahnjiwoo\desktop\projects\cmengine\cmengine\inter\debug\cmtype.obj
c:\users\ahnjiwoo\desktop\projects\cmengine\cmengine\inter\debug\cmtransform.obj
c:\users\ahnjiwoo\desktop\projects\cmengine\cmengine\inter\debug\cmstatictextbuffer.obj
c:\users\ahnjiwoo\desktop\projects\cmengine\cmengine\inter\debug\cmrenderer.obj
c:\users\ahnjiwoo\desktop\projects\cmengine\cmengine\inter\debug\cmtimer.obj
c:\users\ahnjiwoo\desktop\projects\cmengine\cmengine\inter\debug\cmresourcemanager.obj
c:\users\ahnjiwoo\desktop\projects\cmengine\cmengine\inter\debug\cmrendertargetview.obj
c:\users\ahnjiwoo\desktop\projects\cmengine\cmengine\inter\debug\cmpopupgui.obj
c:\users\ahnjiwoo\desktop\projects\cmengine\cmengine\inter\debug\cmpixelshader.obj
c:\users\ahnjiwoo\desktop\projects\cmengine\cmengine\inter\debug\cmpipeline.obj
c:\users\ahnjiwoo\desktop\projects\cmengine\cmengine\inter\debug\cmmenugui.obj
c:\users\ahnjiwoo\desktop\projects\cmengine\cmengine\inter\debug\cmlogdata.obj
c:\users\ahnjiwoo\desktop\projects\cmengine\cmengine\inter\debug\cmloggergui.obj
c:\users\ahnjiwoo\desktop\projects\cmengine\cmengine\inter\debug\cmlogger.obj
c:\users\ahnjiwoo\desktop\projects\cmengine\cmengine\inter\debug\cminputlayout.obj
c:\users\ahnjiwoo\desktop\projects\cmengine\cmengine\inter\debug\cmindexbuffer.obj
c:\users\ahnjiwoo\desktop\projects\cmengine\cmengine\inter\debug\cmicommand.obj
c:\users\ahnjiwoo\desktop\projects\cmengine\cmengine\inter\debug\cmhelper.obj
c:\users\ahnjiwoo\desktop\projects\cmengine\cmengine\inter\debug\cmgui.obj
c:\users\ahnjiwoo\desktop\projects\cmengine\cmengine\inter\debug\cmguirenderer.obj
c:\users\ahnjiwoo\desktop\projects\cmengine\cmengine\inter\debug\windowsstruct.obj
c:\users\ahnjiwoo\desktop\projects\cmengine\cmengine\inter\debug\ucomptr.obj
c:\users\ahnjiwoo\desktop\projects\cmengine\cmengine\inter\debug\cmscenemanager.obj
c:\users\ahnjiwoo\desktop\projects\cmengine\cmengine\inter\debug\cmscene.obj
c:\users\ahnjiwoo\desktop\projects\cmengine\cmengine\inter\debug\cmshader.obj
c:\users\ahnjiwoo\desktop\projects\cmengine\cmengine\inter\debug\imguihelper.obj
c:\users\ahnjiwoo\desktop\projects\cmengine\cmengine\inter\debug\filedialog.obj
c:\users\ahnjiwoo\desktop\projects\cmengine\cmengine\inter\debug\cmcolors.obj
c:\users\ahnjiwoo\desktop\projects\cmengine\cmengine\inter\debug\cmapplication.obj
c:\users\ahnjiwoo\desktop\projects\cmengine\cmengine\inter\debug\cmwindowsmanager.obj
c:\users\ahnjiwoo\desktop\projects\cmengine\cmengine\inter\debug\cmwindow.obj
c:\users\ahnjiwoo\desktop\projects\cmengine\cmengine\inter\debug\cmviewport.obj
c:\users\ahnjiwoo\desktop\projects\cmengine\cmengine\inter\debug\cmvertexshader.obj
c:\users\ahnjiwoo\desktop\projects\cmengine\cmengine\inter\debug\cmvertexdata.obj
c:\users\ahnjiwoo\desktop\projects\cmengine\cmengine\inter\debug\cmvertexbuffer.obj
c:\users\ahnjiwoo\desktop\projects\cmengine\cmengine\inter\debug\imgui_widgets.obj
c:\users\ahnjiwoo\desktop\projects\cmengine\cmengine\inter\debug\imgui_tables.obj
c:\users\ahnjiwoo\desktop\projects\cmengine\cmengine\inter\debug\imgui_impl_win32.obj
c:\users\ahnjiwoo\desktop\projects\cmengine\cmengine\inter\debug\imgui_impl_dx11.obj
c:\users\ahnjiwoo\desktop\projects\cmengine\cmengine\inter\debug\imgui_draw.obj
c:\users\ahnjiwoo\desktop\projects\cmengine\cmengine\inter\debug\imgui.obj
c:\users\ahnjiwoo\desktop\projects\cmengine\cmengine\inter\debug\cmengine.pch
c:\users\ahnjiwoo\desktop\projects\cmengine\cmengine\inter\debug\pch.obj
c:\users\ahnjiwoo\desktop\projects\cmengine\cmengine\inter\debug\cmmesh.obj
c:\users\ahnjiwoo\desktop\projects\cmengine\cmengine\inter\debug\cminputlayoutbase.obj
c:\users\ahnjiwoo\desktop\projects\cmengine\cmengine\inter\debug\cmconstantbufferbase.obj
c:\users\ahnjiwoo\desktop\projects\cmengine\cmengine\inter\debug\cmgraphicsresourcemanager.obj
c:\users\ahnjiwoo\desktop\projects\cmengine\cmengine\bin\debug\cmengine.lib
c:\users\ahnjiwoo\desktop\projects\cmengine\cmengine\inter\debug\cmbehavior.obj
c:\users\ahnjiwoo\desktop\projects\cmengine\cmengine\inter\debug\cmgraphicsresource.obj
c:\users\ahnjiwoo\desktop\projects\cmengine\cmengine\inter\debug\cmengine.vcxproj.filelistabsolute.txt
c:\users\ahnjiwoo\desktop\projects\cmengine\cmengine\inter\debug\cmengine.tlog\cl.command.1.tlog
c:\users\ahnjiwoo\desktop\projects\cmengine\cmengine\inter\debug\cmengine.tlog\cl.items.tlog
c:\users\ahnjiwoo\desktop\projects\cmengine\cmengine\inter\debug\cmengine.tlog\cl.read.1.tlog
c:\users\ahnjiwoo\desktop\projects\cmengine\cmengine\inter\debug\cmengine.tlog\cl.write.1.tlog
c:\users\ahnjiwoo\desktop\projects\cmengine\cmengine\inter\debug\cmengine.tlog\lib-link.read.1.tlog
c:\users\ahnjiwoo\desktop\projects\cmengine\cmengine\inter\debug\cmengine.tlog\lib-link.write.1.tlog
c:\users\ahnjiwoo\desktop\projects\cmengine\cmengine\inter\debug\cmengine.tlog\lib.command.1.tlog
